  entryBlock.c
d:\codefile\vs-workspace\systemcoursedesign\systemcoursedesign\list.h(9): error C2365: “LISTReady”: 重定义；以前的定义是“枚举数”
  d:\codefile\vs-workspace\systemcoursedesign\systemcoursedesign\list.h(9): note: 参见“LISTReady”的声明
d:\codefile\vs-workspace\systemcoursedesign\systemcoursedesign\list.h(9): error C2086: “LISTReady”: 重定义
  d:\codefile\vs-workspace\systemcoursedesign\systemcoursedesign\list.h(9): note: 参见“LISTReady”的声明
d:\codefile\vs-workspace\systemcoursedesign\systemcoursedesign\list.h(10): error C2365: “LISTBlocking”: 重定义；以前的定义是“枚举数”
  d:\codefile\vs-workspace\systemcoursedesign\systemcoursedesign\list.h(10): note: 参见“LISTBlocking”的声明
d:\codefile\vs-workspace\systemcoursedesign\systemcoursedesign\list.h(10): error C2086: “<unnamed-enum-LISTReady> LISTBlocking”: 重定义
  d:\codefile\vs-workspace\systemcoursedesign\systemcoursedesign\list.h(10): note: 参见“LISTBlocking”的声明
d:\codefile\vs-workspace\systemcoursedesign\systemcoursedesign\list.h(11): error C2365: “LISTDelete”: 重定义；以前的定义是“枚举数”
  d:\codefile\vs-workspace\systemcoursedesign\systemcoursedesign\list.h(11): note: 参见“LISTDelete”的声明
d:\codefile\vs-workspace\systemcoursedesign\systemcoursedesign\list.h(11): error C2086: “<unnamed-enum-LISTReady> LISTDelete”: 重定义
  d:\codefile\vs-workspace\systemcoursedesign\systemcoursedesign\list.h(11): note: 参见“LISTDelete”的声明
d:\codefile\vs-workspace\systemcoursedesign\systemcoursedesign\list.h(13): error C2365: “LISTonINIT”: 重定义；以前的定义是“枚举数”
  d:\codefile\vs-workspace\systemcoursedesign\systemcoursedesign\list.h(12): note: 参见“LISTonINIT”的声明
d:\codefile\vs-workspace\systemcoursedesign\systemcoursedesign\list.h(13): error C2086: “<unnamed-enum-LISTReady> LISTonINIT”: 重定义
  d:\codefile\vs-workspace\systemcoursedesign\systemcoursedesign\list.h(12): note: 参见“LISTonINIT”的声明
d:\codefile\vs-workspace\systemcoursedesign\systemcoursedesign\list.h(22): error C2011: “ListItem”:“struct”类型重定义
  d:\codefile\vs-workspace\systemcoursedesign\systemcoursedesign\list.h(22): note: 参见“ListItem”的声明
d:\codefile\vs-workspace\systemcoursedesign\systemcoursedesign\list.h(33): error C2011: “ProcessList”:“struct”类型重定义
  d:\codefile\vs-workspace\systemcoursedesign\systemcoursedesign\list.h(33): note: 参见“ProcessList”的声明
d:\codefile\vs-workspace\systemcoursedesign\systemcoursedesign\pcbutil.h(15): error C2365: “SCHEDULER_RUNNING”: 重定义；以前的定义是“枚举数”
  d:\codefile\vs-workspace\systemcoursedesign\systemcoursedesign\pcbutil.h(15): note: 参见“SCHEDULER_RUNNING”的声明
d:\codefile\vs-workspace\systemcoursedesign\systemcoursedesign\pcbutil.h(15): error C2086: “SCHEDULER_RUNNING”: 重定义
  d:\codefile\vs-workspace\systemcoursedesign\systemcoursedesign\pcbutil.h(15): note: 参见“SCHEDULER_RUNNING”的声明
d:\codefile\vs-workspace\systemcoursedesign\systemcoursedesign\pcbutil.h(18): error C2365: “SCHEDULER_STOP”: 重定义；以前的定义是“枚举数”
  d:\codefile\vs-workspace\systemcoursedesign\systemcoursedesign\pcbutil.h(16): note: 参见“SCHEDULER_STOP”的声明
d:\codefile\vs-workspace\systemcoursedesign\systemcoursedesign\pcbutil.h(18): error C2086: “<unnamed-enum-SCHEDULER_RUNNING> SCHEDULER_STOP”: 重定义
  d:\codefile\vs-workspace\systemcoursedesign\systemcoursedesign\pcbutil.h(16): note: 参见“SCHEDULER_STOP”的声明
d:\codefile\vs-workspace\systemcoursedesign\systemcoursedesign\pcbutil.h(23): error C2365: “BLOCKING”: 重定义；以前的定义是“枚举数”
  d:\codefile\vs-workspace\systemcoursedesign\systemcoursedesign\pcbutil.h(23): note: 参见“BLOCKING”的声明
d:\codefile\vs-workspace\systemcoursedesign\systemcoursedesign\pcbutil.h(23): error C2086: “BLOCKING”: 重定义
  d:\codefile\vs-workspace\systemcoursedesign\systemcoursedesign\pcbutil.h(23): note: 参见“BLOCKING”的声明
d:\codefile\vs-workspace\systemcoursedesign\systemcoursedesign\pcbutil.h(24): error C2365: “SUSPEND”: 重定义；以前的定义是“枚举数”
  d:\codefile\vs-workspace\systemcoursedesign\systemcoursedesign\pcbutil.h(24): note: 参见“SUSPEND”的声明
d:\codefile\vs-workspace\systemcoursedesign\systemcoursedesign\pcbutil.h(24): error C2086: “<unnamed-enum-BLOCKING> SUSPEND”: 重定义
  d:\codefile\vs-workspace\systemcoursedesign\systemcoursedesign\pcbutil.h(24): note: 参见“SUSPEND”的声明
d:\codefile\vs-workspace\systemcoursedesign\systemcoursedesign\pcbutil.h(25): error C2365: “RUNNING”: 重定义；以前的定义是“枚举数”
  d:\codefile\vs-workspace\systemcoursedesign\systemcoursedesign\pcbutil.h(25): note: 参见“RUNNING”的声明
d:\codefile\vs-workspace\systemcoursedesign\systemcoursedesign\pcbutil.h(25): error C2086: “<unnamed-enum-BLOCKING> RUNNING”: 重定义
  d:\codefile\vs-workspace\systemcoursedesign\systemcoursedesign\pcbutil.h(25): note: 参见“RUNNING”的声明
d:\codefile\vs-workspace\systemcoursedesign\systemcoursedesign\pcbutil.h(26): error C2365: “READY”: 重定义；以前的定义是“枚举数”
  d:\codefile\vs-workspace\systemcoursedesign\systemcoursedesign\pcbutil.h(26): note: 参见“READY”的声明
d:\codefile\vs-workspace\systemcoursedesign\systemcoursedesign\pcbutil.h(26): error C2086: “<unnamed-enum-BLOCKING> READY”: 重定义
  d:\codefile\vs-workspace\systemcoursedesign\systemcoursedesign\pcbutil.h(26): note: 参见“READY”的声明
d:\codefile\vs-workspace\systemcoursedesign\systemcoursedesign\pcbutil.h(29): error C2365: “DELETED”: 重定义；以前的定义是“枚举数”
  d:\codefile\vs-workspace\systemcoursedesign\systemcoursedesign\pcbutil.h(27): note: 参见“DELETED”的声明
d:\codefile\vs-workspace\systemcoursedesign\systemcoursedesign\pcbutil.h(29): error C2086: “<unnamed-enum-BLOCKING> DELETED”: 重定义
  d:\codefile\vs-workspace\systemcoursedesign\systemcoursedesign\pcbutil.h(27): note: 参见“DELETED”的声明
d:\codefile\vs-workspace\systemcoursedesign\systemcoursedesign\pcbutil.h(38): error C2011: “PCB_ADDRESSofMEMORY”:“struct”类型重定义
  d:\codefile\vs-workspace\systemcoursedesign\systemcoursedesign\pcbutil.h(37): note: 参见“PCB_ADDRESSofMEMORY”的声明
d:\codefile\vs-workspace\systemcoursedesign\systemcoursedesign\pcbutil.h(46): error C2011: “ProcessControllBlock”:“struct”类型重定义
  d:\codefile\vs-workspace\systemcoursedesign\systemcoursedesign\pcbutil.h(45): note: 参见“ProcessControllBlock”的声明
d:\codefile\vs-workspace\systemcoursedesign\systemcoursedesign\pcbutil.h(70): error C2011: “EXIT_PROCESS”:“struct”类型重定义
  d:\codefile\vs-workspace\systemcoursedesign\systemcoursedesign\pcbutil.h(70): note: 参见“EXIT_PROCESS”的声明
d:\codefile\vs-workspace\systemcoursedesign\systemcoursedesign\pcbutil.h(117): error C2374: “xYieldPending”: 重定义；多次初始化
  d:\codefile\vs-workspace\systemcoursedesign\systemcoursedesign\pcbutil.h(117): note: 参见“xYieldPending”的声明
d:\codefile\vs-workspace\systemcoursedesign\systemcoursedesign\entryblock.c(32): warning C4047: “=”:“void *”与“int”的间接级别不同
d:\codefile\vs-workspace\systemcoursedesign\systemcoursedesign\entryblock.c(17): warning C4047: “初始化”:“int”与“void *”的间接级别不同
  process.c
d:\codefile\vs-workspace\systemcoursedesign\systemcoursedesign\list.h(9): error C2365: “LISTReady”: 重定义；以前的定义是“枚举数”
  d:\codefile\vs-workspace\systemcoursedesign\systemcoursedesign\list.h(9): note: 参见“LISTReady”的声明
d:\codefile\vs-workspace\systemcoursedesign\systemcoursedesign\list.h(9): error C2086: “LISTReady”: 重定义
  d:\codefile\vs-workspace\systemcoursedesign\systemcoursedesign\list.h(9): note: 参见“LISTReady”的声明
d:\codefile\vs-workspace\systemcoursedesign\systemcoursedesign\list.h(10): error C2365: “LISTBlocking”: 重定义；以前的定义是“枚举数”
  d:\codefile\vs-workspace\systemcoursedesign\systemcoursedesign\list.h(10): note: 参见“LISTBlocking”的声明
d:\codefile\vs-workspace\systemcoursedesign\systemcoursedesign\list.h(10): error C2086: “<unnamed-enum-LISTReady> LISTBlocking”: 重定义
  d:\codefile\vs-workspace\systemcoursedesign\systemcoursedesign\list.h(10): note: 参见“LISTBlocking”的声明
d:\codefile\vs-workspace\systemcoursedesign\systemcoursedesign\list.h(11): error C2365: “LISTDelete”: 重定义；以前的定义是“枚举数”
  d:\codefile\vs-workspace\systemcoursedesign\systemcoursedesign\list.h(11): note: 参见“LISTDelete”的声明
d:\codefile\vs-workspace\systemcoursedesign\systemcoursedesign\list.h(11): error C2086: “<unnamed-enum-LISTReady> LISTDelete”: 重定义
  d:\codefile\vs-workspace\systemcoursedesign\systemcoursedesign\list.h(11): note: 参见“LISTDelete”的声明
d:\codefile\vs-workspace\systemcoursedesign\systemcoursedesign\list.h(13): error C2365: “LISTonINIT”: 重定义；以前的定义是“枚举数”
  d:\codefile\vs-workspace\systemcoursedesign\systemcoursedesign\list.h(12): note: 参见“LISTonINIT”的声明
d:\codefile\vs-workspace\systemcoursedesign\systemcoursedesign\list.h(13): error C2086: “<unnamed-enum-LISTReady> LISTonINIT”: 重定义
  d:\codefile\vs-workspace\systemcoursedesign\systemcoursedesign\list.h(12): note: 参见“LISTonINIT”的声明
d:\codefile\vs-workspace\systemcoursedesign\systemcoursedesign\list.h(22): error C2011: “ListItem”:“struct”类型重定义
  d:\codefile\vs-workspace\systemcoursedesign\systemcoursedesign\list.h(22): note: 参见“ListItem”的声明
d:\codefile\vs-workspace\systemcoursedesign\systemcoursedesign\list.h(33): error C2011: “ProcessList”:“struct”类型重定义
  d:\codefile\vs-workspace\systemcoursedesign\systemcoursedesign\list.h(33): note: 参见“ProcessList”的声明
d:\codefile\vs-workspace\systemcoursedesign\systemcoursedesign\pcbutil.h(15): error C2365: “SCHEDULER_RUNNING”: 重定义；以前的定义是“枚举数”
  d:\codefile\vs-workspace\systemcoursedesign\systemcoursedesign\pcbutil.h(15): note: 参见“SCHEDULER_RUNNING”的声明
d:\codefile\vs-workspace\systemcoursedesign\systemcoursedesign\pcbutil.h(15): error C2086: “SCHEDULER_RUNNING”: 重定义
  d:\codefile\vs-workspace\systemcoursedesign\systemcoursedesign\pcbutil.h(15): note: 参见“SCHEDULER_RUNNING”的声明
d:\codefile\vs-workspace\systemcoursedesign\systemcoursedesign\pcbutil.h(18): error C2365: “SCHEDULER_STOP”: 重定义；以前的定义是“枚举数”
  d:\codefile\vs-workspace\systemcoursedesign\systemcoursedesign\pcbutil.h(16): note: 参见“SCHEDULER_STOP”的声明
d:\codefile\vs-workspace\systemcoursedesign\systemcoursedesign\pcbutil.h(18): error C2086: “<unnamed-enum-SCHEDULER_RUNNING> SCHEDULER_STOP”: 重定义
  d:\codefile\vs-workspace\systemcoursedesign\systemcoursedesign\pcbutil.h(16): note: 参见“SCHEDULER_STOP”的声明
d:\codefile\vs-workspace\systemcoursedesign\systemcoursedesign\pcbutil.h(23): error C2365: “BLOCKING”: 重定义；以前的定义是“枚举数”
  d:\codefile\vs-workspace\systemcoursedesign\systemcoursedesign\pcbutil.h(23): note: 参见“BLOCKING”的声明
d:\codefile\vs-workspace\systemcoursedesign\systemcoursedesign\pcbutil.h(23): error C2086: “BLOCKING”: 重定义
  d:\codefile\vs-workspace\systemcoursedesign\systemcoursedesign\pcbutil.h(23): note: 参见“BLOCKING”的声明
d:\codefile\vs-workspace\systemcoursedesign\systemcoursedesign\pcbutil.h(24): error C2365: “SUSPEND”: 重定义；以前的定义是“枚举数”
  d:\codefile\vs-workspace\systemcoursedesign\systemcoursedesign\pcbutil.h(24): note: 参见“SUSPEND”的声明
d:\codefile\vs-workspace\systemcoursedesign\systemcoursedesign\pcbutil.h(24): error C2086: “<unnamed-enum-BLOCKING> SUSPEND”: 重定义
  d:\codefile\vs-workspace\systemcoursedesign\systemcoursedesign\pcbutil.h(24): note: 参见“SUSPEND”的声明
d:\codefile\vs-workspace\systemcoursedesign\systemcoursedesign\pcbutil.h(25): error C2365: “RUNNING”: 重定义；以前的定义是“枚举数”
  d:\codefile\vs-workspace\systemcoursedesign\systemcoursedesign\pcbutil.h(25): note: 参见“RUNNING”的声明
d:\codefile\vs-workspace\systemcoursedesign\systemcoursedesign\pcbutil.h(25): error C2086: “<unnamed-enum-BLOCKING> RUNNING”: 重定义
  d:\codefile\vs-workspace\systemcoursedesign\systemcoursedesign\pcbutil.h(25): note: 参见“RUNNING”的声明
d:\codefile\vs-workspace\systemcoursedesign\systemcoursedesign\pcbutil.h(26): error C2365: “READY”: 重定义；以前的定义是“枚举数”
  d:\codefile\vs-workspace\systemcoursedesign\systemcoursedesign\pcbutil.h(26): note: 参见“READY”的声明
d:\codefile\vs-workspace\systemcoursedesign\systemcoursedesign\pcbutil.h(26): error C2086: “<unnamed-enum-BLOCKING> READY”: 重定义
  d:\codefile\vs-workspace\systemcoursedesign\systemcoursedesign\pcbutil.h(26): note: 参见“READY”的声明
d:\codefile\vs-workspace\systemcoursedesign\systemcoursedesign\pcbutil.h(29): error C2365: “DELETED”: 重定义；以前的定义是“枚举数”
  d:\codefile\vs-workspace\systemcoursedesign\systemcoursedesign\pcbutil.h(27): note: 参见“DELETED”的声明
d:\codefile\vs-workspace\systemcoursedesign\systemcoursedesign\pcbutil.h(29): error C2086: “<unnamed-enum-BLOCKING> DELETED”: 重定义
  d:\codefile\vs-workspace\systemcoursedesign\systemcoursedesign\pcbutil.h(27): note: 参见“DELETED”的声明
d:\codefile\vs-workspace\systemcoursedesign\systemcoursedesign\pcbutil.h(38): error C2011: “PCB_ADDRESSofMEMORY”:“struct”类型重定义
  d:\codefile\vs-workspace\systemcoursedesign\systemcoursedesign\pcbutil.h(37): note: 参见“PCB_ADDRESSofMEMORY”的声明
d:\codefile\vs-workspace\systemcoursedesign\systemcoursedesign\pcbutil.h(46): error C2011: “ProcessControllBlock”:“struct”类型重定义
  d:\codefile\vs-workspace\systemcoursedesign\systemcoursedesign\pcbutil.h(45): note: 参见“ProcessControllBlock”的声明
d:\codefile\vs-workspace\systemcoursedesign\systemcoursedesign\pcbutil.h(70): error C2011: “EXIT_PROCESS”:“struct”类型重定义
  d:\codefile\vs-workspace\systemcoursedesign\systemcoursedesign\pcbutil.h(70): note: 参见“EXIT_PROCESS”的声明
d:\codefile\vs-workspace\systemcoursedesign\systemcoursedesign\pcbutil.h(117): error C2374: “xYieldPending”: 重定义；多次初始化
  d:\codefile\vs-workspace\systemcoursedesign\systemcoursedesign\pcbutil.h(117): note: 参见“xYieldPending”的声明
d:\codefile\vs-workspace\systemcoursedesign\systemcoursedesign\process.c(195): warning C4244: “=”: 从“time_t”转换到“clock_t”，可能丢失数据
  stackSimulator.c
d:\codefile\vs-workspace\systemcoursedesign\systemcoursedesign\stacksimulator.c(75): warning C4047: “=”:“void *volatile ”与“int”的间接级别不同
  正在生成代码...
